<?xml version="1.0" encoding="UTF-8"?>
<!-- Generated by org.testng.reporters.JUnitReportReporter -->
<testsuite skipped="0" hostname="Praveens-MacBook-Air.local" name="com.brigelabz.SeleniumAutomationCQA_107.KeyBoard_Mouse_Operations_Test" tests="1" failures="0" timestamp="2022-08-22T11:14:30 IST" time="18.993" errors="0">
  <testcase name="key_Board" time="18.993" classname="com.brigelabz.SeleniumAutomationCQA_107.KeyBoard_Mouse_Operations_Test"/>
  <system-out/>
</testsuite> <!-- com.brigelabz.SeleniumAutomationCQA_107.KeyBoard_Mouse_Operations_Test -->
