<?xml version="1.0" encoding="UTF-8"?>
<!-- Generated by org.testng.reporters.JUnitReportReporter -->
<testsuite skipped="0" hostname="Praveens-MacBook-Air.local" name="Popups.WebTable" tests="1" failures="0" timestamp="2022-09-09T17:44:40 IST" time="7.310" errors="0">
  <testcase name="webTable_Example" time="7.310" classname="Popups.WebTable"/>
  <system-out/>
</testsuite> <!-- Popups.WebTable -->
