<?xml version="1.0" encoding="UTF-8"?>
<!-- Generated by org.testng.reporters.JUnitReportReporter -->
<testsuite skipped="0" hostname="Praveens-MacBook-Air.local" name="com.brigelabz.SeleniumAutomationCQA_107.Home_pageUsing_Title" tests="1" failures="0" timestamp="2022-08-25T11:27:51 IST" time="36.583" errors="0">
  <testcase name="verifyhomepageUsingTitle" time="36.583" classname="com.brigelabz.SeleniumAutomationCQA_107.Home_pageUsing_Title"/>
  <system-out/>
</testsuite> <!-- com.brigelabz.SeleniumAutomationCQA_107.Home_pageUsing_Title -->
