<?xml version="1.0" encoding="UTF-8"?>
<!-- Generated by org.testng.reporters.JUnitReportReporter -->
<testsuite skipped="0" hostname="Praveens-MacBook-Air.local" name="com.brigelabz.SeleniumAutomationCQA_107.VerifyhomepageUsingUrl" tests="1" failures="0" timestamp="2022-08-25T11:29:41 IST" time="30.060" errors="0">
  <testcase name="verify_Hp_UsingUrl" time="30.060" classname="com.brigelabz.SeleniumAutomationCQA_107.VerifyhomepageUsingUrl"/>
  <system-out/>
</testsuite> <!-- com.brigelabz.SeleniumAutomationCQA_107.VerifyhomepageUsingUrl -->
