<?xml version="1.0" encoding="UTF-8"?>
<!-- Generated by org.testng.reporters.JUnitReportReporter -->
<testsuite skipped="0" hostname="Praveens-MacBook-Air.local" name="Popups.File_Download" tests="1" failures="0" timestamp="2022-09-09T16:24:38 IST" time="13.439" errors="0">
  <testcase name="file_Download" time="13.439" classname="Popups.File_Download"/>
  <system-out/>
</testsuite> <!-- Popups.File_Download -->
