<?xml version="1.0" encoding="UTF-8"?>
<!-- Generated by org.testng.reporters.JUnitReportReporter -->
<testsuite skipped="0" hostname="Praveens-MacBook-Air.local" name="com.brigelabz.SeleniumAutomationCQA_107.RemoveValuefromText_usingClearMethod" tests="1" failures="0" timestamp="2022-09-06T11:29:29 IST" time="23.676" errors="0">
  <testcase name="removeValuefrom_ClearMethod_Test" time="23.676" classname="com.brigelabz.SeleniumAutomationCQA_107.RemoveValuefromText_usingClearMethod"/>
  <system-out/>
</testsuite> <!-- com.brigelabz.SeleniumAutomationCQA_107.RemoveValuefromText_usingClearMethod -->
