<?xml version="1.0" encoding="UTF-8"?>
<!-- Generated by org.testng.reporters.JUnitReportReporter -->
<testsuite skipped="0" hostname="Praveens-MacBook-Air.local" name="Popups.AutosuggestionEx_GoogleSearch" tests="1" failures="0" timestamp="2022-09-09T18:22:13 IST" time="19.015" errors="0">
  <testcase name="autosuggestionEx_GoogleSearch_Test" time="19.015" classname="Popups.AutosuggestionEx_GoogleSearch"/>
  <system-out/>
</testsuite> <!-- Popups.AutosuggestionEx_GoogleSearch -->
