<?xml version="1.0" encoding="UTF-8"?>
<!-- Generated by org.testng.reporters.JUnitReportReporter -->
<testsuite skipped="0" hostname="Praveens-MacBook-Air.local" name="com.brigelabz.SeleniumAutomationCQA_107.VerifyFB_UNandPWDfieldsAreAligned_intheSameRow" tests="1" failures="0" timestamp="2022-09-05T11:19:10 IST" time="16.006" errors="0">
  <testcase name="verifyFB_UNandPWDfieldsAreAligned_intheSameRow_Test" time="16.006" classname="com.brigelabz.SeleniumAutomationCQA_107.VerifyFB_UNandPWDfieldsAreAligned_intheSameRow"/>
  <system-out/>
</testsuite> <!-- com.brigelabz.SeleniumAutomationCQA_107.VerifyFB_UNandPWDfieldsAreAligned_intheSameRow -->
