<?xml version="1.0" encoding="UTF-8"?>
<!-- Generated by org.testng.reporters.JUnitReportReporter -->
<testsuite skipped="0" hostname="Praveens-MacBook-Air.local" name="com.brigelabz.SeleniumAutomationCQA_107.TakeScreenshot" tests="1" failures="0" timestamp="2022-08-19T12:20:01 IST" time="15.741" errors="0">
  <testcase name="screenshot" time="15.741" classname="com.brigelabz.SeleniumAutomationCQA_107.TakeScreenshot"/>
  <system-out/>
</testsuite> <!-- com.brigelabz.SeleniumAutomationCQA_107.TakeScreenshot -->
