<?xml version="1.0" encoding="UTF-8"?>
<!-- Generated by org.testng.reporters.JUnitReportReporter -->
<testsuite skipped="0" hostname="Praveens-MacBook-Air.local" name="com.brigelabz.SeleniumAutomationCQA_107.Launch_Specific_Browser" tests="1" failures="0" timestamp="2022-09-02T12:47:10 IST" time="74.549" errors="0">
  <testcase name="launch_browser" time="74.549" classname="com.brigelabz.SeleniumAutomationCQA_107.Launch_Specific_Browser"/>
  <system-out/>
</testsuite> <!-- com.brigelabz.SeleniumAutomationCQA_107.Launch_Specific_Browser -->
