<?xml version="1.0" encoding="UTF-8"?>
<!-- Generated by org.testng.reporters.JUnitReportReporter -->
<testsuite skipped="0" hostname="Praveens-MacBook-Air.local" name="com.brigelabz.SeleniumAutomationCQA_107.LaunchBrowser" tests="1" failures="0" timestamp="2022-08-12T13:14:34 IST" time="15.653" errors="0">
  <testcase name="launchBrowser" time="15.653" classname="com.brigelabz.SeleniumAutomationCQA_107.LaunchBrowser"/>
  <system-out/>
</testsuite> <!-- com.brigelabz.SeleniumAutomationCQA_107.LaunchBrowser -->
