<?xml version="1.0" encoding="UTF-8"?>
<!-- Generated by org.testng.reporters.JUnitReportReporter -->
<testsuite skipped="0" hostname="Praveens-MacBook-Air.local" name="Popups.CloseAnySpecifiedBrowser" tests="1" failures="0" timestamp="2022-09-09T16:51:07 IST" time="17.474" errors="0">
  <testcase name="CloseALLChildbrowsersONLY" time="17.474" classname="Popups.CloseAnySpecifiedBrowser"/>
  <system-out/>
</testsuite> <!-- Popups.CloseAnySpecifiedBrowser -->
