<?xml version="1.0" encoding="UTF-8"?>
<!-- Generated by org.testng.reporters.JUnitReportReporter -->
<testsuite skipped="0" hostname="Praveens-MacBook-Air.local" name="Popups.ClassListBoxExample" tests="1" failures="0" timestamp="2022-09-09T19:16:34 IST" time="0.741" errors="0">
  <testcase name="HashMapExample_printtheOcuuranceOfPoori_test" time="0.741" classname="Popups.ClassListBoxExample"/>
  <system-out/>
</testsuite> <!-- Popups.ClassListBoxExample -->
