<?xml version="1.0" encoding="UTF-8"?>
<!-- Generated by org.testng.reporters.JUnitReportReporter -->
<testsuite skipped="0" hostname="Praveens-MacBook-Air.local" name="com.brigelabz.SeleniumAutomationCQA_107.ScrollUpandDown" tests="1" failures="0" timestamp="2022-09-06T12:02:01 IST" time="66.434" errors="0">
  <testcase name="scrollUpandDown_test" time="66.434" classname="com.brigelabz.SeleniumAutomationCQA_107.ScrollUpandDown"/>
  <system-out/>
</testsuite> <!-- com.brigelabz.SeleniumAutomationCQA_107.ScrollUpandDown -->
