<?xml version="1.0" encoding="UTF-8"?>
<!-- Generated by org.testng.reporters.JUnitReportReporter -->
<testsuite skipped="0" hostname="Praveens-MacBook-Air.local" name="com.brigelabz.SeleniumAutomationCQA_107.VerifyActime_UNandPassword_HeightandWidth" tests="1" failures="0" timestamp="2022-09-05T11:30:36 IST" time="15.518" errors="0">
  <testcase name="verifyActime_UNandPassword_HeightandWidth_Test" time="15.518" classname="com.brigelabz.SeleniumAutomationCQA_107.VerifyActime_UNandPassword_HeightandWidth"/>
  <system-out/>
</testsuite> <!-- com.brigelabz.SeleniumAutomationCQA_107.VerifyActime_UNandPassword_HeightandWidth -->
