<?xml version="1.0" encoding="UTF-8"?>
<!-- Generated by org.testng.reporters.JUnitReportReporter -->
<testsuite skipped="0" hostname="Praveens-MacBook-Air.local" name="Popups.SimpleAlertPopup" tests="1" failures="0" timestamp="2022-09-06T12:10:12 IST" time="24.589" errors="0">
  <testcase name="prompt_popup" time="24.589" classname="Popups.SimpleAlertPopup"/>
  <system-out/>
</testsuite> <!-- Popups.SimpleAlertPopup -->
