<?xml version="1.0" encoding="UTF-8"?>
<!-- Generated by org.testng.reporters.JUnitReportReporter -->
<testsuite skipped="0" hostname="Praveens-MacBook-Air.local" name="com.brigelabz.SeleniumAutomationCQA_107.Xpath_Login_Sgnup" tests="1" failures="0" timestamp="2022-09-02T12:53:25 IST" time="46.708" errors="0">
  <testcase name="fb_Xpath_Signup" time="46.708" classname="com.brigelabz.SeleniumAutomationCQA_107.Xpath_Login_Sgnup"/>
  <system-out/>
</testsuite> <!-- com.brigelabz.SeleniumAutomationCQA_107.Xpath_Login_Sgnup -->
