<?xml version="1.0" encoding="UTF-8"?>
<!-- Generated by org.testng.reporters.JUnitReportReporter -->
<testsuite skipped="0" hostname="Praveens-MacBook-Air.local" name="com.brigelabz.SeleniumAutomationCQA_107.Launch_Browser_Test" tests="1" failures="0" timestamp="2022-08-19T12:03:17 IST" time="14.265" errors="0">
  <testcase name="launch" time="14.265" classname="com.brigelabz.SeleniumAutomationCQA_107.Launch_Browser_Test"/>
  <system-out/>
</testsuite> <!-- com.brigelabz.SeleniumAutomationCQA_107.Launch_Browser_Test -->
