<?xml version="1.0" encoding="UTF-8"?>
<!-- Generated by org.testng.reporters.JUnitReportReporter -->
<testsuite skipped="0" hostname="Praveens-MacBook-Air.local" name="com.brigelabz.SeleniumAutomationCQA_107.Browser_navigation_Test" tests="1" failures="0" timestamp="2022-08-22T12:20:55 IST" time="19.661" errors="0">
  <testcase name="main" time="19.661" classname="com.brigelabz.SeleniumAutomationCQA_107.Browser_navigation_Test"/>
  <system-out/>
</testsuite> <!-- com.brigelabz.SeleniumAutomationCQA_107.Browser_navigation_Test -->
