<?xml version="1.0" encoding="UTF-8"?>
<!-- Generated by org.testng.reporters.JUnitReportReporter -->
<testsuite skipped="0" hostname="Praveens-MacBook-Air.local" name="com.brigelabz.SeleniumAutomationCQA_107.CheckBox_selectedorNot" tests="1" failures="0" timestamp="2022-09-06T11:54:50 IST" time="15.468" errors="0">
  <testcase name="verifyKeepMeLoggedInisaCheckboxinActitime_Test" time="15.468" classname="com.brigelabz.SeleniumAutomationCQA_107.CheckBox_selectedorNot"/>
  <system-out/>
</testsuite> <!-- com.brigelabz.SeleniumAutomationCQA_107.CheckBox_selectedorNot -->
